<?xml version="1.0" encoding="UTF-8"?>
<testsuite xmlns:xsi="http://www.w3.org/2001/XMLSchema-instance" xsi:noNamespaceSchemaLocation="https://maven.apache.org/surefire/maven-surefire-plugin/xsd/surefire-test-report-3.0.xsd" version="3.0" name="com.example.eventapi.mapper.DateMapperTest" time="0.539" tests="2" errors="0" skipped="0" failures="0">
  <properties>
[...]
</properties>
  <testcase name="instantToIso" classname="com.example.eventapi.mapper.DateMapperTest" time="0.534"/>
  <testcase name="instantToIso_InstantNull" classname="com.example.eventapi.mapper.DateMapperTest" time="0.002"/>
</testsuite>